<?xml version="1.0" encoding="UTF-8"?>
<!-- Generated by org.testng.reporters.JUnitReportReporter -->
<testsuite skipped="0" hostname="MSI" name="com.RESTAPISAMPLE.Test.DELETEEmployeeAPIRequestTest" tests="1" failures="0" timestamp="2021-06-08T22:57:31 CDT" time="15.811" errors="0">
  <testcase name="deleteEmployeeDetails" time="15.811" classname="com.RESTAPISAMPLE.Test.DELETEEmployeeAPIRequestTest"/>
  <system-out/>
</testsuite> <!-- com.RESTAPISAMPLE.Test.DELETEEmployeeAPIRequestTest -->
