<?xml version="1.0" encoding="UTF-8"?>
<!-- Generated by org.testng.reporters.JUnitReportReporter -->
<testsuite skipped="0" hostname="MSI" name="com.amazon.testcases.ValidateAmazonCheckoutFlow" tests="1" failures="0" timestamp="2021-06-08T22:55:50 CDT" time="25.291" errors="0">
  <testcase name="Verify_Amazon_checkoutFlow" time="25.291" classname="com.amazon.testcases.ValidateAmazonCheckoutFlow"/>
  <system-out/>
</testsuite> <!-- com.amazon.testcases.ValidateAmazonCheckoutFlow -->
